\BOOKMARK [1][-]{section.1}{\376\377\000I\000n\000t\000r\000o\000d\000u\000c\000t\000i\000o\000n}{}% 1
\BOOKMARK [2][-]{subsection.1.1}{\376\377\000M\000o\000t\000i\000v\000a\000t\000i\000o\000n\000\040\000a\000n\000d\000\040\000R\000e\000l\000e\000v\000a\000n\000c\000e}{section.1}% 2
\BOOKMARK [2][-]{subsection.1.2}{\376\377\000C\000h\000a\000l\000l\000e\000n\000g\000e\000s}{section.1}% 3
\BOOKMARK [2][-]{subsection.1.3}{\376\377\000C\000o\000n\000t\000r\000i\000b\000u\000t\000i\000o\000n}{section.1}% 4
\BOOKMARK [1][-]{section.2}{\376\377\000R\000e\000l\000a\000t\000e\000d\000\040\000w\000o\000r\000k}{}% 5
\BOOKMARK [2][-]{subsection.2.1}{\376\377\000T\000r\000a\000d\000i\000t\000i\000o\000n\000a\000l\000\040\000D\000a\000t\000a\000-\000D\000r\000i\000v\000e\000n\000\040\000A\000p\000p\000r\000o\000a\000c\000h\000e\000s}{section.2}% 6
\BOOKMARK [2][-]{subsection.2.2}{\376\377\000H\000y\000b\000r\000i\000d\000\040\000a\000n\000d\000\040\000M\000o\000d\000e\000l\000-\000B\000a\000s\000e\000d\000\040\000M\000e\000t\000h\000o\000d\000o\000l\000o\000g\000i\000e\000s}{section.2}% 7
\BOOKMARK [2][-]{subsection.2.3}{\376\377\000P\000h\000y\000s\000i\000c\000s\000-\000I\000n\000f\000o\000r\000m\000e\000d\000\040\000N\000e\000u\000r\000a\000l\000\040\000N\000e\000t\000w\000o\000r\000k\000s\000\040\000i\000n\000\040\000W\000D\000N\000s}{section.2}% 8
\BOOKMARK [2][-]{subsection.2.4}{\376\377\000B\000e\000n\000c\000h\000m\000a\000r\000k\000\040\000D\000a\000t\000a\000s\000e\000t\000s\000\040\000a\000n\000d\000\040\000E\000v\000a\000l\000u\000a\000t\000i\000o\000n\000\040\000C\000h\000a\000l\000l\000e\000n\000g\000e\000s}{section.2}% 9
\BOOKMARK [2][-]{subsection.2.5}{\376\377\000R\000e\000s\000e\000a\000r\000c\000h\000\040\000G\000a\000p\000s\000\040\000a\000n\000d\000\040\000M\000o\000t\000i\000v\000a\000t\000i\000o\000n}{section.2}% 10
\BOOKMARK [1][-]{section.3}{\376\377\000W\000h\000a\000t\000\040\000i\000s\000\040\000a\000\040\000P\000h\000y\000s\000i\000c\000s\000-\000A\000w\000a\000r\000e\000\040\000N\000e\000u\000r\000a\000l\000\040\000N\000e\000t\000w\000o\000r\000k\000?}{}% 11
\BOOKMARK [2][-]{subsection.3.1}{\376\377\000P\000h\000y\000s\000i\000c\000s\000-\000I\000n\000f\000o\000r\000m\000e\000d\000\040\000N\000e\000u\000r\000a\000l\000\040\000N\000e\000t\000w\000o\000r\000k\000s\000\040\000\050\000P\000I\000N\000N\000s\000\051}{section.3}% 12
\BOOKMARK [2][-]{subsection.3.2}{\376\377\000P\000h\000y\000s\000i\000c\000s\000-\000A\000w\000a\000r\000e\000\040\000N\000e\000u\000r\000a\000l\000\040\000N\000e\000t\000w\000o\000r\000k\000s\000\040\000\050\000P\000A\000N\000N\000s\000\051}{section.3}% 13
\BOOKMARK [1][-]{section.4}{\376\377\000D\000a\000t\000a\000s\000e\000t}{}% 14
\BOOKMARK [2][-]{subsection.4.1}{\376\377\000D\000a\000t\000a\000s\000e\000t\000\040\000D\000e\000s\000c\000r\000i\000p\000t\000i\000o\000n}{section.4}% 15
\BOOKMARK [2][-]{subsection.4.2}{\376\377\000E\000x\000p\000l\000o\000r\000a\000t\000o\000r\000y\000\040\000A\000n\000a\000l\000y\000s\000i\000s\000\040\000o\000f\000\040\000D\000a\000t\000a}{section.4}% 16
\BOOKMARK [2][-]{subsection.4.3}{\376\377\000F\000e\000a\000t\000u\000r\000e\000\040\000E\000n\000g\000i\000n\000e\000e\000r\000i\000n\000g\000\040\000a\000n\000d\000\040\000P\000r\000e\000-\000P\000r\000o\000c\000e\000s\000s\000i\000n\000g}{section.4}% 17
\BOOKMARK [3][-]{subsubsection.4.3.1}{\376\377\000A\000d\000d\000i\000n\000g\000\040\000c\000o\000l\000u\000m\000n\000s}{subsection.4.3}% 18
\BOOKMARK [3][-]{subsubsection.4.3.2}{\376\377\000N\000o\000r\000m\000a\000l\000i\000z\000a\000t\000i\000o\000n}{subsection.4.3}% 19
\BOOKMARK [2][-]{subsection.4.4}{\376\377\000W\000i\000n\000d\000o\000w\000i\000n\000g\000\040\000f\000u\000n\000c\000t\000i\000o\000n}{section.4}% 20
\BOOKMARK [3][-]{subsubsection.4.4.1}{\376\377\000A\000N\000N}{subsection.4.4}% 21
\BOOKMARK [1][-]{section.5}{\376\377\000P\000h\000y\000s\000i\000c\000s\000\040\000L\000o\000s\000s}{}% 22
\BOOKMARK [2][-]{subsection.5.1}{\376\377\000E\000q\000u\000a\000t\000i\000o\000n\000s}{section.5}% 23
\BOOKMARK [2][-]{subsection.5.2}{\376\377\000P\000h\000y\000s\000i\000c\000s\000\040\000L\000o\000s\000s\000\040\000A\000l\000g\000o\000r\000i\000t\000h\000m}{section.5}% 24
\BOOKMARK [2][-]{subsection.5.3}{\376\377\000P\000s\000e\000u\000d\000o\000c\000o\000d\000e\000\040\000a\000n\000d\000\040\000T\000r\000a\000i\000n\000i\000n\000g\000\040\000I\000n\000t\000e\000g\000r\000a\000t\000i\000o\000n}{section.5}% 25
\BOOKMARK [2][-]{subsection.5.4}{\376\377\000I\000n\000t\000e\000g\000r\000a\000t\000i\000o\000n\000\040\000i\000n\000t\000o\000\040\000M\000o\000d\000e\000l}{section.5}% 26
\BOOKMARK [2][-]{subsection.5.5}{\376\377\000T\000h\000e\000\040\000T\000h\000o\000u\000g\000h\000t}{section.5}% 27
\BOOKMARK [1][-]{section.6}{\376\377\000M\000o\000d\000e\000l\000\040\000A\000r\000c\000h\000i\000t\000e\000c\000t\000u\000r\000e\000\040\000a\000n\000d\000\040\000T\000r\000a\000i\000n\000i\000n\000g\000\040\000D\000e\000t\000a\000i\000l\000s}{}% 28
\BOOKMARK [2][-]{subsection.6.1}{\376\377\000A\000r\000c\000h\000i\000t\000e\000c\000t\000u\000r\000e}{section.6}% 29
\BOOKMARK [3][-]{subsubsection.6.1.1}{\376\377\000B\000a\000s\000e\000\040\000A\000N\000N\000\040\000M\000o\000d\000e\000l}{subsection.6.1}% 30
\BOOKMARK [3][-]{subsubsection.6.1.2}{\376\377\000P\000h\000y\000s\000i\000c\000s\000-\000A\000w\000a\000r\000e\000\040\000A\000N\000N\000\040\000M\000o\000d\000e\000l}{subsection.6.1}% 31
\BOOKMARK [1][-]{section.7}{\376\377\000L\000o\000c\000a\000l\000i\000z\000a\000t\000i\000o\000n}{}% 32
\BOOKMARK [2][-]{subsection.7.1}{\376\377\000I\000n\000t\000r\000o\000d\000u\000c\000t\000i\000o\000n}{section.7}% 33
\BOOKMARK [2][-]{subsection.7.2}{\376\377\000A\000l\000g\000o\000r\000i\000t\000h\000m}{section.7}% 34
\BOOKMARK [3][-]{subsubsection.7.2.1}{\376\377\0001\000.\000\040\000L\000a\000g\000g\000e\000d\000\040\000B\000a\000s\000e\000l\000i\000n\000e\000\040\000S\000n\000a\000p\000s\000h\000o\000t}{subsection.7.2}% 35
\BOOKMARK [3][-]{subsubsection.7.2.2}{\376\377\0002\000.\000\040\000T\000o\000p\000o\000l\000o\000g\000i\000c\000a\000l\000\040\000a\000n\000d\000\040\000P\000h\000y\000s\000i\000c\000s\000-\000A\000w\000a\000r\000e\000\040\000S\000c\000o\000r\000i\000n\000g}{subsection.7.2}% 36
\BOOKMARK [3][-]{subsubsection.7.2.3}{\376\377\0003\000.\000\040\000T\000i\000m\000e\000-\000D\000e\000c\000a\000y\000e\000d\000\040\000V\000o\000t\000i\000n\000g\000\040\000a\000n\000d\000\040\000A\000n\000t\000i\000-\000D\000r\000i\000f\000t\000\040\000L\000o\000c\000k}{subsection.7.2}% 37
\BOOKMARK [1][-]{section.8}{\376\377\000R\000e\000s\000u\000l\000t\000s\000\040\000a\000n\000d\000\040\000D\000i\000s\000c\000u\000s\000s\000i\000o\000n}{}% 38
\BOOKMARK [2][-]{subsection.8.1}{\376\377\000M\000e\000t\000r\000i\000c\000s}{section.8}% 39
\BOOKMARK [2][-]{subsection.8.2}{\376\377\000B\000a\000s\000e\000\040\000M\000o\000d\000e\000l\000\040\000P\000e\000r\000f\000o\000r\000m\000a\000n\000c\000e}{section.8}% 40
\BOOKMARK [2][-]{subsection.8.3}{\376\377\000P\000h\000y\000s\000i\000c\000s\000-\000A\000w\000a\000r\000e\000\040\000M\000o\000d\000e\000l\000\040\000P\000e\000r\000f\000o\000r\000m\000a\000n\000c\000e}{section.8}% 41
\BOOKMARK [2][-]{subsection.8.4}{\376\377\000C\000o\000m\000p\000a\000r\000i\000s\000o\000n\000\040\000b\000e\000t\000w\000e\000e\000n\000\040\000A\000N\000N\000\040\000a\000n\000d\000\040\000P\000h\000y\000s\000i\000c\000s\000-\000A\000w\000a\000r\000e\000\040\000A\000N\000N}{section.8}% 42
\BOOKMARK [2][-]{subsection.8.5}{\376\377\000C\000o\000m\000p\000a\000r\000i\000s\000o\000n\000\040\000w\000i\000t\000h\000\040\000E\000x\000i\000s\000t\000i\000n\000g\000\040\000B\000e\000n\000c\000h\000m\000a\000r\000k\000s\000\040\000o\000n\000\040\000L\000e\000a\000k\000D\000B\000\040\000H\000a\000n\000o\000i}{section.8}% 43
\BOOKMARK [2][-]{subsection.8.6}{\376\377\000L\000o\000c\000a\000l\000i\000z\000a\000t\000i\000o\000n\000\040\000R\000e\000s\000u\000l\000t\000s}{section.8}% 44
\BOOKMARK [2][-]{subsection.8.7}{\376\377\000P\000l\000o\000t\000s\000\040\000o\000f\000\040\000S\000e\000l\000e\000c\000t\000e\000d\000\040\000S\000c\000e\000n\000a\000r\000i\000o\000s}{section.8}% 45
\BOOKMARK [1][-]{section.9}{\376\377\000W\000h\000y\000\040\000C\000l\000a\000s\000s\000i\000c\000a\000l\000\040\000M\000a\000c\000h\000i\000n\000e\000\040\000L\000e\000a\000r\000n\000i\000n\000g\000\040\000T\000e\000c\000h\000n\000i\000q\000u\000e\000s\000\040\000A\000r\000e\000\040\000N\000o\000t\000\040\000U\000s\000e\000d}{}% 46
\BOOKMARK [1][-]{section.10}{\376\377\000V\000a\000l\000i\000d\000i\000t\000y\000\040\000o\000f\000\040\000L\000o\000s\000s\000\040\000F\000u\000n\000c\000t\000i\000o\000n}{}% 47
\BOOKMARK [1][-]{section.11}{\376\377\000S\000e\000n\000s\000i\000t\000i\000v\000i\000t\000y\000\040\000A\000n\000a\000l\000y\000s\000i\000s}{}% 48
\BOOKMARK [1][-]{section.12}{\376\377\000L\000i\000m\000i\000t\000a\000t\000i\000o\000n\000s}{}% 49
\BOOKMARK [1][-]{section.13}{\376\377\000C\000o\000n\000c\000l\000u\000s\000i\000o\000n}{}% 50
\BOOKMARK [1][-]{section.14}{\376\377\000F\000u\000t\000u\000r\000e\000\040\000W\000o\000r\000k}{}% 51
\BOOKMARK [1][-]{section.15}{\376\377\000A\000c\000k\000n\000o\000w\000l\000e\000d\000g\000e\000m\000e\000n\000t\000s}{}% 52
\BOOKMARK [1][-]{section.16}{\376\377\000A\000p\000p\000e\000n\000d\000i\000x}{}% 53
\BOOKMARK [2][-]{subsection.16.1}{\376\377\000A\000b\000l\000a\000t\000i\000o\000n\000\040\000S\000t\000u\000d\000i\000e\000s}{section.16}% 54
\BOOKMARK [3][-]{subsubsection.16.1.1}{\376\377\000W\000i\000n\000d\000o\000w\000\040\000S\000i\000z\000e}{subsection.16.1}% 55
\BOOKMARK [3][-]{subsubsection.16.1.2}{\376\377\000T\000e\000m\000p\000o\000r\000a\000l\000\040\000C\000o\000l\000u\000m\000n\000s}{subsection.16.1}% 56
\BOOKMARK [3][-]{subsubsection.16.1.3}{\376\377\000P\000h\000y\000s\000i\000c\000s\000-\000A\000w\000a\000r\000e\000\040\000M\000e\000c\000h\000a\000n\000i\000s\000m}{subsection.16.1}% 57
